[debug] > Exec(run "E:/BausteineVerteilterSysteme/src/main/scala/DBWriterCluster.scala", None, None)
[debug] Evaluating tasks: Compile / run
[debug] Running task... Cancel: Signal, check cycles: false, forcegc: true
[info] compiling 14 Scala sources to E:\Projekte\BausteineVerteilterSysteme\target\scala-2.13\classes ...
[warn] E:\Projekte\BausteineVerteilterSysteme\src\main\scala\CSVFileActor.scala:14:7: method with a single empty parameter list overrides method without any parameter list
[warn]   def receive(): Receive = {
[warn]       ^
[warn] E:\Projekte\BausteineVerteilterSysteme\src\main\scala\CSVTextActor.scala:17:7: method with a single empty parameter list overrides method without any parameter list
[warn]   def receive(): Receive = {
[warn]       ^
[warn] E:\Projekte\BausteineVerteilterSysteme\src\main\scala\DBWriterActor.scala:95:7: method with a single empty parameter list overrides method without any parameter list
[warn]   def receive(): Receive = {
[warn]       ^
[warn] E:\Projekte\BausteineVerteilterSysteme\src\main\scala\MeasurementAverageActor.scala:112:7: method with a single empty parameter list overrides method without any parameter list
[warn]   def receive(): Receive = {
[warn]       ^
[warn] 2 deprecations (since 2.13.0)
[warn] 3 deprecations (since 2.13.3)
[warn] 5 deprecations in total; re-run with -deprecation for details
[warn] 7 warnings found
[info] done compiling
