[debug] > Exec(early(addDefaultCommands), None, None)
[debug] > Exec(addDefaultCommands, None, None)
[debug] > Exec(early(initialize), None, None)
[debug] > Exec(initialize, None, None)
[debug] > Exec(early(addPluginSbtFile="""C:\Users\Prog\AppData\Local\Temp\idea5.sbt"""), None, None)
[debug] > Exec(addPluginSbtFile="""C:\Users\Prog\AppData\Local\Temp\idea5.sbt""", None, None)
[debug] > Exec(boot, None, None)
[debug] > Exec(writeSbtVersion, None, None)
[debug] > Exec(reload, None, None)
[debug] > Exec(sbtStashOnFailure, None, None)
[debug] > Exec(onFailure loadFailed, None, None)
[debug] > Exec(loadp, None, None)
[info] welcome to sbt 1.4.9 (Oracle Corporation Java 16.0.1)
[debug]       Load.loadUnit: plugins took 89.1091ms
[debug]       Load.loadUnit: defsScala took 0.3138ms
[debug] [Loading] Scanning directory C:\Users\Prog\.sbt\1.0\plugins
[debug] [Loading] Found non-root projects 
[debug] [Loading] Done in C:\Users\Prog\.sbt\1.0\plugins, returning: ()
[debug] deducing auto plugins based on known facts Set(Atom(sbt.plugins.CorePlugin)) and clauses Clauses(List(Clause(Atom(sbt.plugins.JvmPlugin),Set(Atom(sbt.plugins.IvyPlugin))), Clause(Atom(sbt.ScriptedPlugin),Set(Atom(sbt.plugins.JvmPlugin))), Clause(Atom(sbt.plugins.SbtPlugin),Set(Atom(sbt.ScriptedPlugin))), Clause(Atom(sbt.plugins.SemanticdbPlugin),Set(Atom(sbt.plugins.JvmPlugin))), Clause(Atom(sbt.plugins.JUnitXmlReportPlugin),Set(Atom(sbt.plugins.JvmPlugin))), Clause(Atom(sbt.plugins.MiniDependencyTreePlugin),Set(Atom(sbt.plugins.JvmPlugin))), Clause(Atom(sbt.plugins.CorePlugin),Set(Atom(sbt.plugins.IvyPlugin))), Clause(Atom(sbt.plugins.IvyPlugin),Set(Atom(sbt.plugins.JvmPlugin))), Clause(Atom(sbt.plugins.JvmPlugin),Set(Atom(sbt.plugins.SemanticdbPlugin))), Clause(Atom(sbt.plugins.JvmPlugin),Set(Atom(sbt.plugins.JUnitXmlReportPlugin))), Clause(Atom(sbt.plugins.CorePlugin),Set(Atom(sbt.plugins.Giter8TemplatePlugin))), Clause(Atom(sbt.plugins.JvmPlugin),Set(Atom(sbt.plugins.MiniDependencyTreePlugin)))))
[debug]   :: deduced result: Matched(sbt.plugins.CorePlugin,sbt.plugins.Giter8TemplatePlugin,sbt.plugins.IvyPlugin,sbt.plugins.JvmPlugin,sbt.plugins.MiniDependencyTreePlugin,sbt.plugins.JUnitXmlReportPlugin,sbt.plugins.SemanticdbPlugin)
[debug] Plugins.deducer#function took 24.2053 ms
[debug]           Load.resolveProject(global-plugins) took 45.8003ms
[debug]         Load.loadTransitive: finalizeProject(Project(id global-plugins, base: C:\Users\Prog\.sbt\1.0\plugins, plugins: List(<none>))) took 89.877ms
[debug] [Loading] Done in C:\Users\Prog\.sbt\1.0\plugins, returning: (global-plugins)
[debug]       Load.loadUnit: loadedProjectsRaw took 109.9911ms
[debug]       Load.loadUnit: cleanEvalClasses took 0.2431ms
[debug]     Load.loadUnit(file:/C:/Users/Prog/.sbt/1.0/plugins/, ...) took 209.4869ms
[debug]   Load.apply: load took 381.8969ms
[debug]   Load.apply: resolveProjects took 6.787ms
[debug]   Load.apply: finalTransforms took 68.3737ms
[debug]   Load.apply: config.delegates took 8.0607ms
[debug]   Load.apply: Def.make(settings)... took 848.2612ms
[debug]   Load.apply: structureIndex took 107.2894ms
[debug]   Load.apply: mkStreams took 2.311ms
[info] loading global plugins from C:\Users\Prog\.sbt\1.0\plugins
[debug] Running task... Cancel: Signal, check cycles: false, forcegc: true
[debug] Load.defaultLoad until apply took 3196.485ms
[debug]           Load.loadUnit: plugins took 22.7833ms
[debug]           Load.loadUnit: defsScala took 0.0034ms
[debug] [Loading] Scanning directory E:\Projekte\BausteineVerteilterSysteme\project
[debug]             Load.loadUnit: mkEval took 4.9254ms
[debug] [Loading] Found non-root projects 
[debug] [Loading] Done in E:\Projekte\BausteineVerteilterSysteme\project, returning: ()
[debug] deducing auto plugins based on known facts Set(Atom(sbt.plugins.CorePlugin)) and clauses Clauses(List(Clause(Atom(sbt.plugins.JvmPlugin),Set(Atom(sbt.plugins.IvyPlugin))), Clause(Atom(sbt.ScriptedPlugin),Set(Atom(sbt.plugins.JvmPlugin))), Clause(Atom(sbt.plugins.SbtPlugin),Set(Atom(sbt.ScriptedPlugin))), Clause(Atom(sbt.plugins.SemanticdbPlugin),Set(Atom(sbt.plugins.JvmPlugin))), Clause(Atom(sbt.plugins.JUnitXmlReportPlugin),Set(Atom(sbt.plugins.JvmPlugin))), Clause(Atom(sbt.plugins.MiniDependencyTreePlugin),Set(Atom(sbt.plugins.JvmPlugin))), Clause(Atom(sbt.plugins.CorePlugin),Set(Atom(sbt.plugins.IvyPlugin))), Clause(Atom(sbt.plugins.IvyPlugin),Set(Atom(sbt.plugins.JvmPlugin))), Clause(Atom(sbt.plugins.JvmPlugin),Set(Atom(sbt.plugins.SemanticdbPlugin))), Clause(Atom(sbt.plugins.JvmPlugin),Set(Atom(sbt.plugins.JUnitXmlReportPlugin))), Clause(Atom(sbt.plugins.CorePlugin),Set(Atom(sbt.plugins.Giter8TemplatePlugin))), Clause(Atom(sbt.plugins.JvmPlugin),Set(Atom(sbt.plugins.MiniDependencyTreePlugin)))))
[debug]   :: deduced result: Matched(sbt.plugins.CorePlugin,sbt.plugins.Giter8TemplatePlugin,sbt.plugins.IvyPlugin,sbt.plugins.JvmPlugin,sbt.plugins.MiniDependencyTreePlugin,sbt.plugins.JUnitXmlReportPlugin,sbt.plugins.SemanticdbPlugin)
[debug] Plugins.deducer#function took 1.4174 ms
[info] loading settings for project bausteineverteiltersysteme-build from idea5.sbt ...
[debug]               Load.resolveProject(bausteineverteiltersysteme-build) took 2.7918ms
[debug]             Load.loadTransitive: finalizeProject(Project(id bausteineverteiltersysteme-build, base: E:\Projekte\BausteineVerteilterSysteme\project, plugins: List(<none>))) took 4.7182ms
[debug] [Loading] Done in E:\Projekte\BausteineVerteilterSysteme\project, returning: (bausteineverteiltersysteme-build)
[debug]           Load.loadUnit: loadedProjectsRaw took 121.9136ms
[debug]           Load.loadUnit: cleanEvalClasses took 4.7153ms
[debug]         Load.loadUnit(file:/E:/Projekte/BausteineVerteilterSysteme/project/, ...) took 150.1364ms
[debug]       Load.apply: load took 151.378ms
[debug]       Load.apply: resolveProjects took 0.0926ms
[debug]       Load.apply: finalTransforms took 6.9325ms
[debug]       Load.apply: config.delegates took 0.2917ms
[debug]       Load.apply: Def.make(settings)... took 77.1136ms
[debug]       Load.apply: structureIndex took 33.2457ms
[debug]       Load.apply: mkStreams took 0.0025ms
[info] loading project definition from E:\Projekte\BausteineVerteilterSysteme\project
[debug] Running task... Cancel: Signal, check cycles: false, forcegc: true
[debug]     Load.loadUnit: plugins took 559.9615ms
[debug]     Load.loadUnit: defsScala took 0.0024ms
[debug] [Loading] Scanning directory E:\Projekte\BausteineVerteilterSysteme
[debug]       Load.loadUnit: mkEval took 0.2052ms
[debug] [Loading] Found non-root projects 
[debug] [Loading] Done in E:\Projekte\BausteineVerteilterSysteme, returning: ()
[debug] deducing auto plugins based on known facts Set(Atom(sbt.plugins.CorePlugin)) and clauses Clauses(List(Clause(Atom(sbt.plugins.JvmPlugin),Set(Atom(sbt.plugins.IvyPlugin))), Clause(Atom(sbt.ScriptedPlugin),Set(Atom(sbt.plugins.JvmPlugin))), Clause(Atom(sbt.plugins.SbtPlugin),Set(Atom(sbt.ScriptedPlugin))), Clause(Atom(sbt.plugins.SemanticdbPlugin),Set(Atom(sbt.plugins.JvmPlugin))), Clause(Atom(sbt.plugins.JUnitXmlReportPlugin),Set(Atom(sbt.plugins.JvmPlugin))), Clause(Atom(sbt.plugins.MiniDependencyTreePlugin),Set(Atom(sbt.plugins.JvmPlugin))), Clause(Atom(org.jetbrains.sbt.StructurePlugin),Set(Atom(sbt.plugins.JvmPlugin))), Clause(Atom(org.jetbrains.sbt.IdeaShellPlugin),Set(Atom(sbt.plugins.JvmPlugin))), Clause(Atom(org.jetbrains.sbt.indices.SbtIntellijIndicesPlugin),Set(Atom(sbt.plugins.JvmPlugin))), Clause(Atom(sbt.plugins.CorePlugin),Set(Atom(sbt.plugins.IvyPlugin))), Clause(Atom(sbt.plugins.IvyPlugin),Set(Atom(sbt.plugins.JvmPlugin))), Clause(Atom(sbt.plugins.JvmPlugin),Set(Atom(sbt.plugins.SemanticdbPlugin))), Clause(Atom(sbt.plugins.JvmPlugin),Set(Atom(sbt.plugins.JUnitXmlReportPlugin))), Clause(Atom(sbt.plugins.CorePlugin),Set(Atom(sbt.plugins.Giter8TemplatePlugin))), Clause(Atom(sbt.plugins.JvmPlugin),Set(Atom(sbt.plugins.MiniDependencyTreePlugin))), Clause(Atom(sbt.plugins.JvmPlugin),Set(Atom(org.jetbrains.sbt.StructurePlugin))), Clause(Atom(sbt.plugins.JvmPlugin),Set(Atom(org.jetbrains.sbt.IdeaShellPlugin))), Clause(And(Set(Atom(sbt.plugins.CorePlugin), Atom(sbt.plugins.JvmPlugin))),Set(Atom(org.jetbrains.sbt.indices.SbtIntellijIndicesPlugin)))))
[debug]   :: deduced result: Matched(sbt.plugins.CorePlugin,sbt.plugins.Giter8TemplatePlugin,sbt.plugins.IvyPlugin,sbt.plugins.JvmPlugin,sbt.plugins.SemanticdbPlugin,org.jetbrains.sbt.indices.SbtIntellijIndicesPlugin,sbt.plugins.JUnitXmlReportPlugin,org.jetbrains.sbt.IdeaShellPlugin,org.jetbrains.sbt.StructurePlugin,sbt.plugins.MiniDependencyTreePlugin)
[debug] Plugins.deducer#function took 1.788 ms
[info] loading settings for project bausteineverteiltersysteme from build.sbt ...
[debug]         Load.resolveProject(bausteineverteiltersysteme) took 33.4518ms
[debug]       Load.loadTransitive: finalizeProject(Project(id bausteineverteiltersysteme, base: E:\Projekte\BausteineVerteilterSysteme, plugins: List(<none>))) took 36.2717ms
[debug] [Loading] Done in E:\Projekte\BausteineVerteilterSysteme, returning: (bausteineverteiltersysteme)
[debug]     Load.loadUnit: loadedProjectsRaw took 104.7146ms
[debug]     Load.loadUnit: cleanEvalClasses took 6.5872ms
[debug]   Load.loadUnit(file:/E:/Projekte/BausteineVerteilterSysteme/, ...) took 671.9329ms
[debug] Load.apply: load took 673.4979ms
[debug] Load.apply: resolveProjects took 0.1014ms
[debug] Load.apply: finalTransforms took 26.6647ms
[debug] Load.apply: config.delegates took 0.3132ms
[debug] Load.apply: Def.make(settings)... took 99.8369ms
[debug] Load.apply: structureIndex took 25.3439ms
[debug] Load.apply: mkStreams took 0.0019ms
[info] set current project to BausteineVerteilterSysteme (in build file:/E:/Projekte/BausteineVerteilterSysteme/)
[debug] > Exec(sbtPopOnFailure, None, None)
[debug] > Exec(resumeFromFailure, None, None)
[debug] > Exec(notifyUsersAboutShell, None, None)
[debug] > Exec(iflast shell, None, None)
[debug] > Exec(; set ideaPort in Global := 56269 ; idea-shell, None, None)
[debug] > Exec(set ideaPort in Global := 56269, None, None)
[info] Defining Global / ideaPort
[info] The new value will be used by Compile / compile, Test / compile
[debug] Defining 
[debug] 	Global / ideaPort
[debug] 
[debug] The new value will be used by 
[debug] 	Compile / compile
[debug] 	Test / compile
[info] Reapplying settings...
[info] set current project to BausteineVerteilterSysteme (in build file:/E:/Projekte/BausteineVerteilterSysteme/)
[debug] > Exec(idea-shell, None, None)
