[debug] > Exec(early(addDefaultCommands), None, None)
[debug] > Exec(addDefaultCommands, None, None)
[debug] > Exec(early(initialize), None, None)
[debug] > Exec(initialize, None, None)
[debug] > Exec(early(addPluginSbtFile="""C:\Users\Prog\AppData\Local\Temp\idea.sbt"""), None, None)
[debug] > Exec(addPluginSbtFile="""C:\Users\Prog\AppData\Local\Temp\idea.sbt""", None, None)
[debug] > Exec(boot, None, None)
[debug] > Exec(writeSbtVersion, None, None)
[debug] > Exec(reload, None, None)
[debug] > Exec(sbtStashOnFailure, None, None)
[debug] > Exec(onFailure loadFailed, None, None)
[debug] > Exec(loadp, None, None)
[info] welcome to sbt 1.4.9 (Oracle Corporation Java 16.0.1)
[debug]       Load.loadUnit: plugins took 93.7222ms
[debug]       Load.loadUnit: defsScala took 0.4243ms
[debug] [Loading] Scanning directory C:\Users\Prog\.sbt\1.0\plugins
[debug] [Loading] Found non-root projects 
[debug] [Loading] Done in C:\Users\Prog\.sbt\1.0\plugins, returning: ()
[debug] deducing auto plugins based on known facts Set(Atom(sbt.plugins.CorePlugin)) and clauses Clauses(List(Clause(Atom(sbt.plugins.JvmPlugin),Set(Atom(sbt.plugins.IvyPlugin))), Clause(Atom(sbt.ScriptedPlugin),Set(Atom(sbt.plugins.JvmPlugin))), Clause(Atom(sbt.plugins.SbtPlugin),Set(Atom(sbt.ScriptedPlugin))), Clause(Atom(sbt.plugins.SemanticdbPlugin),Set(Atom(sbt.plugins.JvmPlugin))), Clause(Atom(sbt.plugins.JUnitXmlReportPlugin),Set(Atom(sbt.plugins.JvmPlugin))), Clause(Atom(sbt.plugins.MiniDependencyTreePlugin),Set(Atom(sbt.plugins.JvmPlugin))), Clause(Atom(sbt.plugins.CorePlugin),Set(Atom(sbt.plugins.IvyPlugin))), Clause(Atom(sbt.plugins.IvyPlugin),Set(Atom(sbt.plugins.JvmPlugin))), Clause(Atom(sbt.plugins.JvmPlugin),Set(Atom(sbt.plugins.SemanticdbPlugin))), Clause(Atom(sbt.plugins.JvmPlugin),Set(Atom(sbt.plugins.JUnitXmlReportPlugin))), Clause(Atom(sbt.plugins.CorePlugin),Set(Atom(sbt.plugins.Giter8TemplatePlugin))), Clause(Atom(sbt.plugins.JvmPlugin),Set(Atom(sbt.plugins.MiniDependencyTreePlugin)))))
[debug]   :: deduced result: Matched(sbt.plugins.CorePlugin,sbt.plugins.Giter8TemplatePlugin,sbt.plugins.IvyPlugin,sbt.plugins.JvmPlugin,sbt.plugins.MiniDependencyTreePlugin,sbt.plugins.JUnitXmlReportPlugin,sbt.plugins.SemanticdbPlugin)
[debug] Plugins.deducer#function took 31.9332 ms
[debug]           Load.resolveProject(global-plugins) took 40.3667ms
[debug]         Load.loadTransitive: finalizeProject(Project(id global-plugins, base: C:\Users\Prog\.sbt\1.0\plugins, plugins: List(<none>))) took 98.9569ms
[debug] [Loading] Done in C:\Users\Prog\.sbt\1.0\plugins, returning: (global-plugins)
[debug]       Load.loadUnit: loadedProjectsRaw took 129.6897ms
[debug]       Load.loadUnit: cleanEvalClasses took 0.2385ms
[debug]     Load.loadUnit(file:/C:/Users/Prog/.sbt/1.0/plugins/, ...) took 237.5652ms
[debug]   Load.apply: load took 398.6381ms
[debug]   Load.apply: resolveProjects took 5.887ms
[debug]   Load.apply: finalTransforms took 57.3746ms
[debug]   Load.apply: config.delegates took 11.0419ms
[debug]   Load.apply: Def.make(settings)... took 1018.9757ms
[debug]   Load.apply: structureIndex took 244.2172ms
[debug]   Load.apply: mkStreams took 2.3161ms
[info] loading global plugins from C:\Users\Prog\.sbt\1.0\plugins
[debug] Running task... Cancel: Signal, check cycles: false, forcegc: true
[debug] Load.defaultLoad until apply took 7121.908ms
[debug]           Load.loadUnit: plugins took 26.5405ms
[debug]           Load.loadUnit: defsScala took 0.0029ms
[debug] [Loading] Scanning directory E:\Projekte\BausteineVerteilterSysteme\project
[debug]             Load.loadUnit: mkEval took 5.2782ms
[debug] [Loading] Found non-root projects 
[debug] [Loading] Done in E:\Projekte\BausteineVerteilterSysteme\project, returning: ()
[debug] deducing auto plugins based on known facts Set(Atom(sbt.plugins.CorePlugin)) and clauses Clauses(List(Clause(Atom(sbt.plugins.JvmPlugin),Set(Atom(sbt.plugins.IvyPlugin))), Clause(Atom(sbt.ScriptedPlugin),Set(Atom(sbt.plugins.JvmPlugin))), Clause(Atom(sbt.plugins.SbtPlugin),Set(Atom(sbt.ScriptedPlugin))), Clause(Atom(sbt.plugins.SemanticdbPlugin),Set(Atom(sbt.plugins.JvmPlugin))), Clause(Atom(sbt.plugins.JUnitXmlReportPlugin),Set(Atom(sbt.plugins.JvmPlugin))), Clause(Atom(sbt.plugins.MiniDependencyTreePlugin),Set(Atom(sbt.plugins.JvmPlugin))), Clause(Atom(sbt.plugins.CorePlugin),Set(Atom(sbt.plugins.IvyPlugin))), Clause(Atom(sbt.plugins.IvyPlugin),Set(Atom(sbt.plugins.JvmPlugin))), Clause(Atom(sbt.plugins.JvmPlugin),Set(Atom(sbt.plugins.SemanticdbPlugin))), Clause(Atom(sbt.plugins.JvmPlugin),Set(Atom(sbt.plugins.JUnitXmlReportPlugin))), Clause(Atom(sbt.plugins.CorePlugin),Set(Atom(sbt.plugins.Giter8TemplatePlugin))), Clause(Atom(sbt.plugins.JvmPlugin),Set(Atom(sbt.plugins.MiniDependencyTreePlugin)))))
[debug]   :: deduced result: Matched(sbt.plugins.CorePlugin,sbt.plugins.Giter8TemplatePlugin,sbt.plugins.IvyPlugin,sbt.plugins.JvmPlugin,sbt.plugins.MiniDependencyTreePlugin,sbt.plugins.JUnitXmlReportPlugin,sbt.plugins.SemanticdbPlugin)
[debug] Plugins.deducer#function took 2.4304 ms
[info] loading settings for project bausteineverteiltersysteme-build from idea.sbt ...
[debug]               Load.resolveProject(bausteineverteiltersysteme-build) took 2.7679ms
[debug]             Load.loadTransitive: finalizeProject(Project(id bausteineverteiltersysteme-build, base: E:\Projekte\BausteineVerteilterSysteme\project, plugins: List(<none>))) took 5.703ms
[debug] [Loading] Done in E:\Projekte\BausteineVerteilterSysteme\project, returning: (bausteineverteiltersysteme-build)
[debug]           Load.loadUnit: loadedProjectsRaw took 125.3622ms
[debug]           Load.loadUnit: cleanEvalClasses took 4.2796ms
[debug]         Load.loadUnit(file:/E:/Projekte/BausteineVerteilterSysteme/project/, ...) took 156.9277ms
[debug]       Load.apply: load took 160.5897ms
[debug]       Load.apply: resolveProjects took 0.1347ms
[debug]       Load.apply: finalTransforms took 14.3512ms
[debug]       Load.apply: config.delegates took 0.2961ms
[debug]       Load.apply: Def.make(settings)... took 125.2345ms
[debug]       Load.apply: structureIndex took 22.4394ms
[debug]       Load.apply: mkStreams took 0.0022ms
[info] loading project definition from E:\Projekte\BausteineVerteilterSysteme\project
[debug] Running task... Cancel: Signal, check cycles: false, forcegc: true
[warn] Unrecognized repository Scala Plugin Bundled Repository, ignoring it
[debug]     Load.loadUnit: plugins took 796.897ms
[debug]     Load.loadUnit: defsScala took 0.003ms
[debug] [Loading] Scanning directory E:\Projekte\BausteineVerteilterSysteme
[debug]       Load.loadUnit: mkEval took 0.1953ms
[debug] [Loading] Found non-root projects 
[debug] [Loading] Done in E:\Projekte\BausteineVerteilterSysteme, returning: ()
[debug] deducing auto plugins based on known facts Set(Atom(sbt.plugins.CorePlugin)) and clauses Clauses(List(Clause(Atom(sbt.plugins.JvmPlugin),Set(Atom(sbt.plugins.IvyPlugin))), Clause(Atom(sbt.ScriptedPlugin),Set(Atom(sbt.plugins.JvmPlugin))), Clause(Atom(sbt.plugins.SbtPlugin),Set(Atom(sbt.ScriptedPlugin))), Clause(Atom(sbt.plugins.SemanticdbPlugin),Set(Atom(sbt.plugins.JvmPlugin))), Clause(Atom(sbt.plugins.JUnitXmlReportPlugin),Set(Atom(sbt.plugins.JvmPlugin))), Clause(Atom(sbt.plugins.MiniDependencyTreePlugin),Set(Atom(sbt.plugins.JvmPlugin))), Clause(Atom(org.jetbrains.sbt.StructurePlugin),Set(Atom(sbt.plugins.JvmPlugin))), Clause(Atom(org.jetbrains.sbt.IdeaShellPlugin),Set(Atom(sbt.plugins.JvmPlugin))), Clause(Atom(org.jetbrains.sbt.indices.SbtIntellijIndicesPlugin),Set(Atom(sbt.plugins.JvmPlugin))), Clause(Atom(sbt.plugins.CorePlugin),Set(Atom(sbt.plugins.IvyPlugin))), Clause(Atom(sbt.plugins.IvyPlugin),Set(Atom(sbt.plugins.JvmPlugin))), Clause(Atom(sbt.plugins.JvmPlugin),Set(Atom(sbt.plugins.SemanticdbPlugin))), Clause(Atom(sbt.plugins.JvmPlugin),Set(Atom(sbt.plugins.JUnitXmlReportPlugin))), Clause(Atom(sbt.plugins.CorePlugin),Set(Atom(sbt.plugins.Giter8TemplatePlugin))), Clause(Atom(sbt.plugins.JvmPlugin),Set(Atom(sbt.plugins.MiniDependencyTreePlugin))), Clause(Atom(sbt.plugins.JvmPlugin),Set(Atom(org.jetbrains.sbt.StructurePlugin))), Clause(Atom(sbt.plugins.JvmPlugin),Set(Atom(org.jetbrains.sbt.IdeaShellPlugin))), Clause(And(Set(Atom(sbt.plugins.CorePlugin), Atom(sbt.plugins.JvmPlugin))),Set(Atom(org.jetbrains.sbt.indices.SbtIntellijIndicesPlugin)))))
[debug]   :: deduced result: Matched(sbt.plugins.CorePlugin,sbt.plugins.Giter8TemplatePlugin,sbt.plugins.IvyPlugin,sbt.plugins.JvmPlugin,sbt.plugins.SemanticdbPlugin,org.jetbrains.sbt.indices.SbtIntellijIndicesPlugin,sbt.plugins.JUnitXmlReportPlugin,org.jetbrains.sbt.IdeaShellPlugin,org.jetbrains.sbt.StructurePlugin,sbt.plugins.MiniDependencyTreePlugin)
[debug] Plugins.deducer#function took 3.2413 ms
[info] loading settings for project bausteineverteiltersysteme from build.sbt ...
[debug]         Load.resolveProject(bausteineverteiltersysteme) took 53.705ms
[debug]       Load.loadTransitive: finalizeProject(Project(id bausteineverteiltersysteme, base: E:\Projekte\BausteineVerteilterSysteme, plugins: List(<none>))) took 58.4872ms
[debug] [Loading] Done in E:\Projekte\BausteineVerteilterSysteme, returning: (bausteineverteiltersysteme)
[debug]     Load.loadUnit: loadedProjectsRaw took 253.042ms
[debug]     Load.loadUnit: cleanEvalClasses took 6.5948ms
[debug]   Load.loadUnit(file:/E:/Projekte/BausteineVerteilterSysteme/, ...) took 1057.2852ms
[debug] Load.apply: load took 1060.8269ms
[debug] Load.apply: resolveProjects took 0.1938ms
[debug] Load.apply: finalTransforms took 31.9751ms
[debug] Load.apply: config.delegates took 0.2314ms
[debug] Load.apply: Def.make(settings)... took 183.9206ms
[debug] Load.apply: structureIndex took 18.8323ms
[debug] Load.apply: mkStreams took 0.0035ms
[info] set current project to BausteineVerteilterSysteme (in build file:/E:/Projekte/BausteineVerteilterSysteme/)
[debug] > Exec(sbtPopOnFailure, None, None)
[debug] > Exec(resumeFromFailure, None, None)
[debug] > Exec(notifyUsersAboutShell, None, None)
[debug] > Exec(iflast shell, None, None)
[debug] > Exec(; set ideaPort in Global := 62853 ; idea-shell, None, None)
[debug] > Exec(set ideaPort in Global := 62853, None, None)
[info] Defining Global / ideaPort
[info] The new value will be used by Compile / compile, Test / compile
[debug] Defining 
[debug] 	Global / ideaPort
[debug] 
[debug] The new value will be used by 
[debug] 	Compile / compile
[debug] 	Test / compile
[info] Reapplying settings...
[info] set current project to BausteineVerteilterSysteme (in build file:/E:/Projekte/BausteineVerteilterSysteme/)
[debug] > Exec(idea-shell, None, None)
