[debug] > Exec(early(addDefaultCommands), None, None)
[debug] > Exec(addDefaultCommands, None, None)
[debug] > Exec(early(initialize), None, None)
[debug] > Exec(initialize, None, None)
[debug] > Exec(early(addPluginSbtFile="""C:\Users\Prog\AppData\Local\Temp\idea.sbt"""), None, None)
[debug] > Exec(addPluginSbtFile="""C:\Users\Prog\AppData\Local\Temp\idea.sbt""", None, None)
[debug] > Exec(boot, None, None)
[debug] > Exec(writeSbtVersion, None, None)
[debug] > Exec(reload, None, None)
[debug] > Exec(sbtStashOnFailure, None, None)
[debug] > Exec(onFailure loadFailed, None, None)
[debug] > Exec(loadp, None, None)
[info] welcome to sbt 1.4.9 (Oracle Corporation Java 16.0.1)
[debug]       Load.loadUnit: plugins took 79.3226ms
[debug]       Load.loadUnit: defsScala took 0.3628ms
[debug] [Loading] Scanning directory C:\Users\Prog\.sbt\1.0\plugins
[debug] [Loading] Found non-root projects 
[debug] [Loading] Done in C:\Users\Prog\.sbt\1.0\plugins, returning: ()
[debug] deducing auto plugins based on known facts Set(Atom(sbt.plugins.CorePlugin)) and clauses Clauses(List(Clause(Atom(sbt.plugins.JvmPlugin),Set(Atom(sbt.plugins.IvyPlugin))), Clause(Atom(sbt.ScriptedPlugin),Set(Atom(sbt.plugins.JvmPlugin))), Clause(Atom(sbt.plugins.SbtPlugin),Set(Atom(sbt.ScriptedPlugin))), Clause(Atom(sbt.plugins.SemanticdbPlugin),Set(Atom(sbt.plugins.JvmPlugin))), Clause(Atom(sbt.plugins.JUnitXmlReportPlugin),Set(Atom(sbt.plugins.JvmPlugin))), Clause(Atom(sbt.plugins.MiniDependencyTreePlugin),Set(Atom(sbt.plugins.JvmPlugin))), Clause(Atom(sbt.plugins.CorePlugin),Set(Atom(sbt.plugins.IvyPlugin))), Clause(Atom(sbt.plugins.IvyPlugin),Set(Atom(sbt.plugins.JvmPlugin))), Clause(Atom(sbt.plugins.JvmPlugin),Set(Atom(sbt.plugins.SemanticdbPlugin))), Clause(Atom(sbt.plugins.JvmPlugin),Set(Atom(sbt.plugins.JUnitXmlReportPlugin))), Clause(Atom(sbt.plugins.CorePlugin),Set(Atom(sbt.plugins.Giter8TemplatePlugin))), Clause(Atom(sbt.plugins.JvmPlugin),Set(Atom(sbt.plugins.MiniDependencyTreePlugin)))))
[debug]   :: deduced result: Matched(sbt.plugins.CorePlugin,sbt.plugins.Giter8TemplatePlugin,sbt.plugins.IvyPlugin,sbt.plugins.JvmPlugin,sbt.plugins.MiniDependencyTreePlugin,sbt.plugins.JUnitXmlReportPlugin,sbt.plugins.SemanticdbPlugin)
[debug] Plugins.deducer#function took 20.0029 ms
[debug]           Load.resolveProject(global-plugins) took 39.5658ms
[debug]         Load.loadTransitive: finalizeProject(Project(id global-plugins, base: C:\Users\Prog\.sbt\1.0\plugins, plugins: List(<none>))) took 80.7756ms
[debug] [Loading] Done in C:\Users\Prog\.sbt\1.0\plugins, returning: (global-plugins)
[debug]       Load.loadUnit: loadedProjectsRaw took 102.7564ms
[debug]       Load.loadUnit: cleanEvalClasses took 0.241ms
[debug]     Load.loadUnit(file:/C:/Users/Prog/.sbt/1.0/plugins/, ...) took 192.3593ms
[debug]   Load.apply: load took 359.425ms
[debug]   Load.apply: resolveProjects took 5.4883ms
[debug]   Load.apply: finalTransforms took 62.1414ms
[debug]   Load.apply: config.delegates took 10.5134ms
[debug]   Load.apply: Def.make(settings)... took 789.2857ms
[debug]   Load.apply: structureIndex took 95.4204ms
[debug]   Load.apply: mkStreams took 1.9187ms
[info] loading global plugins from C:\Users\Prog\.sbt\1.0\plugins
[debug] Running task... Cancel: Signal, check cycles: false, forcegc: true
[debug] Load.defaultLoad until apply took 5116.0764ms
[debug]           Load.loadUnit: plugins took 31.4611ms
[debug]           Load.loadUnit: defsScala took 0.003ms
[debug] [Loading] Scanning directory E:\Projekte\BausteineVerteilterSysteme\project
[debug]             Load.loadUnit: mkEval took 7.3132ms
[debug] [Loading] Found non-root projects 
[debug] [Loading] Done in E:\Projekte\BausteineVerteilterSysteme\project, returning: ()
[debug] deducing auto plugins based on known facts Set(Atom(sbt.plugins.CorePlugin)) and clauses Clauses(List(Clause(Atom(sbt.plugins.JvmPlugin),Set(Atom(sbt.plugins.IvyPlugin))), Clause(Atom(sbt.ScriptedPlugin),Set(Atom(sbt.plugins.JvmPlugin))), Clause(Atom(sbt.plugins.SbtPlugin),Set(Atom(sbt.ScriptedPlugin))), Clause(Atom(sbt.plugins.SemanticdbPlugin),Set(Atom(sbt.plugins.JvmPlugin))), Clause(Atom(sbt.plugins.JUnitXmlReportPlugin),Set(Atom(sbt.plugins.JvmPlugin))), Clause(Atom(sbt.plugins.MiniDependencyTreePlugin),Set(Atom(sbt.plugins.JvmPlugin))), Clause(Atom(sbt.plugins.CorePlugin),Set(Atom(sbt.plugins.IvyPlugin))), Clause(Atom(sbt.plugins.IvyPlugin),Set(Atom(sbt.plugins.JvmPlugin))), Clause(Atom(sbt.plugins.JvmPlugin),Set(Atom(sbt.plugins.SemanticdbPlugin))), Clause(Atom(sbt.plugins.JvmPlugin),Set(Atom(sbt.plugins.JUnitXmlReportPlugin))), Clause(Atom(sbt.plugins.CorePlugin),Set(Atom(sbt.plugins.Giter8TemplatePlugin))), Clause(Atom(sbt.plugins.JvmPlugin),Set(Atom(sbt.plugins.MiniDependencyTreePlugin)))))
[debug]   :: deduced result: Matched(sbt.plugins.CorePlugin,sbt.plugins.Giter8TemplatePlugin,sbt.plugins.IvyPlugin,sbt.plugins.JvmPlugin,sbt.plugins.MiniDependencyTreePlugin,sbt.plugins.JUnitXmlReportPlugin,sbt.plugins.SemanticdbPlugin)
[debug] Plugins.deducer#function took 1.72 ms
[info] loading settings for project bausteineverteiltersysteme-build from idea.sbt ...
[debug]               Load.resolveProject(bausteineverteiltersysteme-build) took 3.2554ms
[debug]             Load.loadTransitive: finalizeProject(Project(id bausteineverteiltersysteme-build, base: E:\Projekte\BausteineVerteilterSysteme\project, plugins: List(<none>))) took 5.4741ms
[debug] [Loading] Done in E:\Projekte\BausteineVerteilterSysteme\project, returning: (bausteineverteiltersysteme-build)
[debug]           Load.loadUnit: loadedProjectsRaw took 201.2943ms
[debug]           Load.loadUnit: cleanEvalClasses took 4.3563ms
[debug]         Load.loadUnit(file:/E:/Projekte/BausteineVerteilterSysteme/project/, ...) took 237.9197ms
[debug]       Load.apply: load took 239.2286ms
[debug]       Load.apply: resolveProjects took 0.1173ms
[debug]       Load.apply: finalTransforms took 9.7908ms
[debug]       Load.apply: config.delegates took 0.3461ms
[debug]       Load.apply: Def.make(settings)... took 142.9916ms
[debug]       Load.apply: structureIndex took 24.3091ms
[debug]       Load.apply: mkStreams took 0.0025ms
[info] loading project definition from E:\Projekte\BausteineVerteilterSysteme\project
[debug] Running task... Cancel: Signal, check cycles: false, forcegc: true
[warn] Unrecognized repository Scala Plugin Bundled Repository, ignoring it
[debug]     Load.loadUnit: plugins took 912.3725ms
[debug]     Load.loadUnit: defsScala took 0.0025ms
[debug] [Loading] Scanning directory E:\Projekte\BausteineVerteilterSysteme
[debug]       Load.loadUnit: mkEval took 0.2471ms
[debug] [Loading] Found non-root projects 
[debug] [Loading] Done in E:\Projekte\BausteineVerteilterSysteme, returning: ()
[debug] deducing auto plugins based on known facts Set(Atom(sbt.plugins.CorePlugin)) and clauses Clauses(List(Clause(Atom(sbt.plugins.JvmPlugin),Set(Atom(sbt.plugins.IvyPlugin))), Clause(Atom(sbt.ScriptedPlugin),Set(Atom(sbt.plugins.JvmPlugin))), Clause(Atom(sbt.plugins.SbtPlugin),Set(Atom(sbt.ScriptedPlugin))), Clause(Atom(sbt.plugins.SemanticdbPlugin),Set(Atom(sbt.plugins.JvmPlugin))), Clause(Atom(sbt.plugins.JUnitXmlReportPlugin),Set(Atom(sbt.plugins.JvmPlugin))), Clause(Atom(sbt.plugins.MiniDependencyTreePlugin),Set(Atom(sbt.plugins.JvmPlugin))), Clause(Atom(org.jetbrains.sbt.StructurePlugin),Set(Atom(sbt.plugins.JvmPlugin))), Clause(Atom(org.jetbrains.sbt.IdeaShellPlugin),Set(Atom(sbt.plugins.JvmPlugin))), Clause(Atom(org.jetbrains.sbt.indices.SbtIntellijIndicesPlugin),Set(Atom(sbt.plugins.JvmPlugin))), Clause(Atom(sbt.plugins.CorePlugin),Set(Atom(sbt.plugins.IvyPlugin))), Clause(Atom(sbt.plugins.IvyPlugin),Set(Atom(sbt.plugins.JvmPlugin))), Clause(Atom(sbt.plugins.JvmPlugin),Set(Atom(sbt.plugins.SemanticdbPlugin))), Clause(Atom(sbt.plugins.JvmPlugin),Set(Atom(sbt.plugins.JUnitXmlReportPlugin))), Clause(Atom(sbt.plugins.CorePlugin),Set(Atom(sbt.plugins.Giter8TemplatePlugin))), Clause(Atom(sbt.plugins.JvmPlugin),Set(Atom(sbt.plugins.MiniDependencyTreePlugin))), Clause(Atom(sbt.plugins.JvmPlugin),Set(Atom(org.jetbrains.sbt.StructurePlugin))), Clause(Atom(sbt.plugins.JvmPlugin),Set(Atom(org.jetbrains.sbt.IdeaShellPlugin))), Clause(And(Set(Atom(sbt.plugins.CorePlugin), Atom(sbt.plugins.JvmPlugin))),Set(Atom(org.jetbrains.sbt.indices.SbtIntellijIndicesPlugin)))))
[debug]   :: deduced result: Matched(sbt.plugins.CorePlugin,sbt.plugins.Giter8TemplatePlugin,sbt.plugins.IvyPlugin,sbt.plugins.JvmPlugin,sbt.plugins.SemanticdbPlugin,org.jetbrains.sbt.indices.SbtIntellijIndicesPlugin,sbt.plugins.JUnitXmlReportPlugin,org.jetbrains.sbt.IdeaShellPlugin,org.jetbrains.sbt.StructurePlugin,sbt.plugins.MiniDependencyTreePlugin)
[debug] Plugins.deducer#function took 1.7346 ms
[info] loading settings for project bausteineverteiltersysteme from build.sbt ...
[debug]         Load.resolveProject(bausteineverteiltersysteme) took 32.0999ms
[debug]       Load.loadTransitive: finalizeProject(Project(id bausteineverteiltersysteme, base: E:\Projekte\BausteineVerteilterSysteme, plugins: List(<none>))) took 35.1341ms
[debug] [Loading] Done in E:\Projekte\BausteineVerteilterSysteme, returning: (bausteineverteiltersysteme)
[debug]     Load.loadUnit: loadedProjectsRaw took 2577.2111ms
[debug]     Load.loadUnit: cleanEvalClasses took 14.8384ms
[debug]   Load.loadUnit(file:/E:/Projekte/BausteineVerteilterSysteme/, ...) took 3505.0674ms
[debug] Load.apply: load took 3507.1142ms
[debug] Load.apply: resolveProjects took 0.0931ms
[debug] Load.apply: finalTransforms took 24.3267ms
[debug] Load.apply: config.delegates took 0.3382ms
[debug] Load.apply: Def.make(settings)... took 74.9489ms
[debug] Load.apply: structureIndex took 20.2345ms
[debug] Load.apply: mkStreams took 0.0017ms
[info] set current project to BausteineVerteilterSysteme (in build file:/E:/Projekte/BausteineVerteilterSysteme/)
[debug] > Exec(sbtPopOnFailure, None, None)
[debug] > Exec(resumeFromFailure, None, None)
[debug] > Exec(notifyUsersAboutShell, None, None)
[debug] > Exec(iflast shell, None, None)
[debug] > Exec(; set ideaPort in Global := 56269 ; idea-shell, None, None)
[debug] > Exec(set ideaPort in Global := 56269, None, None)
[info] Defining Global / ideaPort
[info] The new value will be used by Compile / compile, Test / compile
[debug] Defining 
[debug] 	Global / ideaPort
[debug] 
[debug] The new value will be used by 
[debug] 	Compile / compile
[debug] 	Test / compile
[info] Reapplying settings...
[info] set current project to BausteineVerteilterSysteme (in build file:/E:/Projekte/BausteineVerteilterSysteme/)
[debug] > Exec(idea-shell, None, None)
