[debug] > Exec(early(addDefaultCommands), None, None)
[debug] > Exec(addDefaultCommands, None, None)
[debug] > Exec(early(initialize), None, None)
[debug] > Exec(initialize, None, None)
[debug] > Exec(early(addPluginSbtFile="""C:\Users\Prog\AppData\Local\Temp\idea1.sbt"""), None, None)
[debug] > Exec(addPluginSbtFile="""C:\Users\Prog\AppData\Local\Temp\idea1.sbt""", None, None)
[debug] > Exec(boot, None, None)
[debug] > Exec(writeSbtVersion, None, None)
[debug] > Exec(reload, None, None)
[debug] > Exec(sbtStashOnFailure, None, None)
[debug] > Exec(onFailure loadFailed, None, None)
[debug] > Exec(loadp, None, None)
[info] welcome to sbt 1.4.9 (Oracle Corporation Java 16.0.1)
[debug]       Load.loadUnit: plugins took 84.1406ms
[debug]       Load.loadUnit: defsScala took 0.2771ms
[debug] [Loading] Scanning directory C:\Users\Prog\.sbt\1.0\plugins
[debug] [Loading] Found non-root projects 
[debug] [Loading] Done in C:\Users\Prog\.sbt\1.0\plugins, returning: ()
[debug] deducing auto plugins based on known facts Set(Atom(sbt.plugins.CorePlugin)) and clauses Clauses(List(Clause(Atom(sbt.plugins.JvmPlugin),Set(Atom(sbt.plugins.IvyPlugin))), Clause(Atom(sbt.ScriptedPlugin),Set(Atom(sbt.plugins.JvmPlugin))), Clause(Atom(sbt.plugins.SbtPlugin),Set(Atom(sbt.ScriptedPlugin))), Clause(Atom(sbt.plugins.SemanticdbPlugin),Set(Atom(sbt.plugins.JvmPlugin))), Clause(Atom(sbt.plugins.JUnitXmlReportPlugin),Set(Atom(sbt.plugins.JvmPlugin))), Clause(Atom(sbt.plugins.MiniDependencyTreePlugin),Set(Atom(sbt.plugins.JvmPlugin))), Clause(Atom(sbt.plugins.CorePlugin),Set(Atom(sbt.plugins.IvyPlugin))), Clause(Atom(sbt.plugins.IvyPlugin),Set(Atom(sbt.plugins.JvmPlugin))), Clause(Atom(sbt.plugins.JvmPlugin),Set(Atom(sbt.plugins.SemanticdbPlugin))), Clause(Atom(sbt.plugins.JvmPlugin),Set(Atom(sbt.plugins.JUnitXmlReportPlugin))), Clause(Atom(sbt.plugins.CorePlugin),Set(Atom(sbt.plugins.Giter8TemplatePlugin))), Clause(Atom(sbt.plugins.JvmPlugin),Set(Atom(sbt.plugins.MiniDependencyTreePlugin)))))
[debug]   :: deduced result: Matched(sbt.plugins.CorePlugin,sbt.plugins.Giter8TemplatePlugin,sbt.plugins.IvyPlugin,sbt.plugins.JvmPlugin,sbt.plugins.MiniDependencyTreePlugin,sbt.plugins.JUnitXmlReportPlugin,sbt.plugins.SemanticdbPlugin)
[debug] Plugins.deducer#function took 19.5837 ms
[debug]           Load.resolveProject(global-plugins) took 47.1305ms
[debug]         Load.loadTransitive: finalizeProject(Project(id global-plugins, base: C:\Users\Prog\.sbt\1.0\plugins, plugins: List(<none>))) took 88.3481ms
[debug] [Loading] Done in C:\Users\Prog\.sbt\1.0\plugins, returning: (global-plugins)
[debug]       Load.loadUnit: loadedProjectsRaw took 113.8595ms
[debug]       Load.loadUnit: cleanEvalClasses took 0.2692ms
[debug]     Load.loadUnit(file:/C:/Users/Prog/.sbt/1.0/plugins/, ...) took 208.9651ms
[debug]   Load.apply: load took 394.4564ms
[debug]   Load.apply: resolveProjects took 5.3489ms
[debug]   Load.apply: finalTransforms took 55.9285ms
[debug]   Load.apply: config.delegates took 9.7562ms
[debug]   Load.apply: Def.make(settings)... took 963.834ms
[debug]   Load.apply: structureIndex took 149.795ms
[debug]   Load.apply: mkStreams took 1.7553ms
[info] loading global plugins from C:\Users\Prog\.sbt\1.0\plugins
[debug] Running task... Cancel: Signal, check cycles: false, forcegc: true
[debug] Load.defaultLoad until apply took 6547.2528ms
[debug]           Load.loadUnit: plugins took 23.9308ms
[debug]           Load.loadUnit: defsScala took 0.0022ms
[debug] [Loading] Scanning directory E:\Projekte\BausteineVerteilterSysteme\project
[debug]             Load.loadUnit: mkEval took 4.0345ms
[debug] [Loading] Found non-root projects 
[debug] [Loading] Done in E:\Projekte\BausteineVerteilterSysteme\project, returning: ()
[debug] deducing auto plugins based on known facts Set(Atom(sbt.plugins.CorePlugin)) and clauses Clauses(List(Clause(Atom(sbt.plugins.JvmPlugin),Set(Atom(sbt.plugins.IvyPlugin))), Clause(Atom(sbt.ScriptedPlugin),Set(Atom(sbt.plugins.JvmPlugin))), Clause(Atom(sbt.plugins.SbtPlugin),Set(Atom(sbt.ScriptedPlugin))), Clause(Atom(sbt.plugins.SemanticdbPlugin),Set(Atom(sbt.plugins.JvmPlugin))), Clause(Atom(sbt.plugins.JUnitXmlReportPlugin),Set(Atom(sbt.plugins.JvmPlugin))), Clause(Atom(sbt.plugins.MiniDependencyTreePlugin),Set(Atom(sbt.plugins.JvmPlugin))), Clause(Atom(sbt.plugins.CorePlugin),Set(Atom(sbt.plugins.IvyPlugin))), Clause(Atom(sbt.plugins.IvyPlugin),Set(Atom(sbt.plugins.JvmPlugin))), Clause(Atom(sbt.plugins.JvmPlugin),Set(Atom(sbt.plugins.SemanticdbPlugin))), Clause(Atom(sbt.plugins.JvmPlugin),Set(Atom(sbt.plugins.JUnitXmlReportPlugin))), Clause(Atom(sbt.plugins.CorePlugin),Set(Atom(sbt.plugins.Giter8TemplatePlugin))), Clause(Atom(sbt.plugins.JvmPlugin),Set(Atom(sbt.plugins.MiniDependencyTreePlugin)))))
[debug]   :: deduced result: Matched(sbt.plugins.CorePlugin,sbt.plugins.Giter8TemplatePlugin,sbt.plugins.IvyPlugin,sbt.plugins.JvmPlugin,sbt.plugins.MiniDependencyTreePlugin,sbt.plugins.JUnitXmlReportPlugin,sbt.plugins.SemanticdbPlugin)
[debug] Plugins.deducer#function took 1.4228 ms
[info] loading settings for project bausteineverteiltersysteme-build from idea1.sbt ...
[debug]               Load.resolveProject(bausteineverteiltersysteme-build) took 3.3046ms
[debug]             Load.loadTransitive: finalizeProject(Project(id bausteineverteiltersysteme-build, base: E:\Projekte\BausteineVerteilterSysteme\project, plugins: List(<none>))) took 5.2323ms
[debug] [Loading] Done in E:\Projekte\BausteineVerteilterSysteme\project, returning: (bausteineverteiltersysteme-build)
[debug]           Load.loadUnit: loadedProjectsRaw took 112.8578ms
[debug]           Load.loadUnit: cleanEvalClasses took 4.021ms
[debug]         Load.loadUnit(file:/E:/Projekte/BausteineVerteilterSysteme/project/, ...) took 141.5165ms
[debug]       Load.apply: load took 142.7463ms
[debug]       Load.apply: resolveProjects took 0.0931ms
[debug]       Load.apply: finalTransforms took 8.0495ms
[debug]       Load.apply: config.delegates took 0.5143ms
[debug]       Load.apply: Def.make(settings)... took 72.5217ms
[debug]       Load.apply: structureIndex took 24.9757ms
[debug]       Load.apply: mkStreams took 0.0016ms
[info] loading project definition from E:\Projekte\BausteineVerteilterSysteme\project
[debug] Running task... Cancel: Signal, check cycles: false, forcegc: true
[warn] Unrecognized repository Scala Plugin Bundled Repository, ignoring it
[debug]     Load.loadUnit: plugins took 742.0274ms
[debug]     Load.loadUnit: defsScala took 0.0028ms
[debug] [Loading] Scanning directory E:\Projekte\BausteineVerteilterSysteme
[debug]       Load.loadUnit: mkEval took 0.2821ms
[debug] [Loading] Found non-root projects 
[debug] [Loading] Done in E:\Projekte\BausteineVerteilterSysteme, returning: ()
[debug] deducing auto plugins based on known facts Set(Atom(sbt.plugins.CorePlugin)) and clauses Clauses(List(Clause(Atom(sbt.plugins.JvmPlugin),Set(Atom(sbt.plugins.IvyPlugin))), Clause(Atom(sbt.ScriptedPlugin),Set(Atom(sbt.plugins.JvmPlugin))), Clause(Atom(sbt.plugins.SbtPlugin),Set(Atom(sbt.ScriptedPlugin))), Clause(Atom(sbt.plugins.SemanticdbPlugin),Set(Atom(sbt.plugins.JvmPlugin))), Clause(Atom(sbt.plugins.JUnitXmlReportPlugin),Set(Atom(sbt.plugins.JvmPlugin))), Clause(Atom(sbt.plugins.MiniDependencyTreePlugin),Set(Atom(sbt.plugins.JvmPlugin))), Clause(Atom(org.jetbrains.sbt.StructurePlugin),Set(Atom(sbt.plugins.JvmPlugin))), Clause(Atom(org.jetbrains.sbt.IdeaShellPlugin),Set(Atom(sbt.plugins.JvmPlugin))), Clause(Atom(org.jetbrains.sbt.indices.SbtIntellijIndicesPlugin),Set(Atom(sbt.plugins.JvmPlugin))), Clause(Atom(sbt.plugins.CorePlugin),Set(Atom(sbt.plugins.IvyPlugin))), Clause(Atom(sbt.plugins.IvyPlugin),Set(Atom(sbt.plugins.JvmPlugin))), Clause(Atom(sbt.plugins.JvmPlugin),Set(Atom(sbt.plugins.SemanticdbPlugin))), Clause(Atom(sbt.plugins.JvmPlugin),Set(Atom(sbt.plugins.JUnitXmlReportPlugin))), Clause(Atom(sbt.plugins.CorePlugin),Set(Atom(sbt.plugins.Giter8TemplatePlugin))), Clause(Atom(sbt.plugins.JvmPlugin),Set(Atom(sbt.plugins.MiniDependencyTreePlugin))), Clause(Atom(sbt.plugins.JvmPlugin),Set(Atom(org.jetbrains.sbt.StructurePlugin))), Clause(Atom(sbt.plugins.JvmPlugin),Set(Atom(org.jetbrains.sbt.IdeaShellPlugin))), Clause(And(Set(Atom(sbt.plugins.CorePlugin), Atom(sbt.plugins.JvmPlugin))),Set(Atom(org.jetbrains.sbt.indices.SbtIntellijIndicesPlugin)))))
[debug]   :: deduced result: Matched(sbt.plugins.CorePlugin,sbt.plugins.Giter8TemplatePlugin,sbt.plugins.IvyPlugin,sbt.plugins.JvmPlugin,sbt.plugins.SemanticdbPlugin,org.jetbrains.sbt.indices.SbtIntellijIndicesPlugin,sbt.plugins.JUnitXmlReportPlugin,org.jetbrains.sbt.IdeaShellPlugin,org.jetbrains.sbt.StructurePlugin,sbt.plugins.MiniDependencyTreePlugin)
[debug] Plugins.deducer#function took 1.6096 ms
[info] loading settings for project bausteineverteiltersysteme from build.sbt ...
[debug]         Load.resolveProject(bausteineverteiltersysteme) took 37.0056ms
[debug]       Load.loadTransitive: finalizeProject(Project(id bausteineverteiltersysteme, base: E:\Projekte\BausteineVerteilterSysteme, plugins: List(<none>))) took 39.6421ms
[debug] [Loading] Done in E:\Projekte\BausteineVerteilterSysteme, returning: (bausteineverteiltersysteme)
[debug]     Load.loadUnit: loadedProjectsRaw took 115.6764ms
[debug]     Load.loadUnit: cleanEvalClasses took 6.4022ms
[debug]   Load.loadUnit(file:/E:/Projekte/BausteineVerteilterSysteme/, ...) took 864.8316ms
[debug] Load.apply: load took 866.2536ms
[debug] Load.apply: resolveProjects took 0.1103ms
[debug] Load.apply: finalTransforms took 41.0164ms
[debug] Load.apply: config.delegates took 0.4869ms
[debug] Load.apply: Def.make(settings)... took 78.0219ms
[debug] Load.apply: structureIndex took 20.4107ms
[debug] Load.apply: mkStreams took 0.0019ms
[info] set current project to BausteineVerteilterSysteme (in build file:/E:/Projekte/BausteineVerteilterSysteme/)
[debug] > Exec(sbtPopOnFailure, None, None)
[debug] > Exec(resumeFromFailure, None, None)
[debug] > Exec(notifyUsersAboutShell, None, None)
[debug] > Exec(iflast shell, None, None)
[debug] > Exec(; set ideaPort in Global := 56269 ; idea-shell, None, None)
[debug] > Exec(set ideaPort in Global := 56269, None, None)
[info] Defining Global / ideaPort
[info] The new value will be used by Compile / compile, Test / compile
[debug] Defining 
[debug] 	Global / ideaPort
[debug] 
[debug] The new value will be used by 
[debug] 	Compile / compile
[debug] 	Test / compile
[info] Reapplying settings...
[info] set current project to BausteineVerteilterSysteme (in build file:/E:/Projekte/BausteineVerteilterSysteme/)
[debug] > Exec(idea-shell, None, None)
